<?xml version="1.0" encoding="UTF-8"?>
<!-- Generated by org.testng.reporters.JUnitXMLReporter -->
<testsuite hostname="DESKTOP-K9L447G" ignored="0" name="Default test" tests="9" failures="0" timestamp="2020-08-20T10:18:48 EDT" time="55.347" errors="0">
  <testcase name="clickCategotyBox" time="0.617" classname="testCases.HomePageCases"/>
  <testcase name="selectCategory" time="0.28" classname="testCases.HomePageCases"/>
  <testcase name="selectSale" time="0.28" classname="testCases.HomePageCases"/>
  <testcase name="selectRecruiting" time="0.307" classname="testCases.HomePageCases"/>
  <testcase name="selectGeneralInfo" time="0.315" classname="testCases.HomePageCases"/>
  <testcase name="typeName" time="0.216" classname="testCases.HomePageCases"/>
  <testcase name="typeEmail" time="0.185" classname="testCases.HomePageCases"/>
  <testcase name="typeMessage" time="0.233" classname="testCases.HomePageCases"/>
  <testcase name="submit" time="2.164" classname="testCases.HomePageCases"/>
</testsuite> <!-- Default test -->
