<?xml version="1.0" encoding="UTF-8"?>
<testng-results skipped="0" failed="0" ignored="0" total="9" passed="9">
  <reporter-output>
  </reporter-output>
  <suite name="Default suite" duration-ms="55347" started-at="2020-08-20T10:17:53 EDT" finished-at="2020-08-20T10:18:48 EDT">
    <groups>
    </groups>
    <test name="Default test" duration-ms="55347" started-at="2020-08-20T10:17:53 EDT" finished-at="2020-08-20T10:18:48 EDT">
      <class name="testCases.HomePageCases">
        <test-method status="PASS" signature="base()[pri:0, instance:testCases.HomePageCases@183ec003]" name="base" is-config="true" duration-ms="4643" started-at="2020-08-20T10:17:53 EDT" finished-at="2020-08-20T10:17:58 EDT">
          <reporter-output>
          </reporter-output>
        </test-method> <!-- base -->
        <test-method status="PASS" signature="clickCategotyBox()[pri:1, instance:testCases.HomePageCases@183ec003]" name="clickCategotyBox" duration-ms="617" started-at="2020-08-20T10:17:58 EDT" finished-at="2020-08-20T10:17:58 EDT">
          <reporter-output>
          </reporter-output>
        </test-method> <!-- clickCategotyBox -->
        <test-method status="PASS" signature="afterMethod()[pri:0, instance:testCases.HomePageCases@183ec003]" name="afterMethod" is-config="true" duration-ms="5004" started-at="2020-08-20T10:17:58 EDT" finished-at="2020-08-20T10:18:03 EDT">
          <reporter-output>
          </reporter-output>
        </test-method> <!-- afterMethod -->
        <test-method status="PASS" signature="selectCategory()[pri:2, instance:testCases.HomePageCases@183ec003]" name="selectCategory" duration-ms="280" started-at="2020-08-20T10:18:03 EDT" finished-at="2020-08-20T10:18:04 EDT">
          <reporter-output>
          </reporter-output>
        </test-method> <!-- selectCategory -->
        <test-method status="PASS" signature="afterMethod()[pri:0, instance:testCases.HomePageCases@183ec003]" name="afterMethod" is-config="true" duration-ms="5006" started-at="2020-08-20T10:18:04 EDT" finished-at="2020-08-20T10:18:09 EDT">
          <reporter-output>
          </reporter-output>
        </test-method> <!-- afterMethod -->
        <test-method status="PASS" signature="selectSale()[pri:3, instance:testCases.HomePageCases@183ec003]" name="selectSale" duration-ms="280" started-at="2020-08-20T10:18:09 EDT" finished-at="2020-08-20T10:18:09 EDT">
          <reporter-output>
          </reporter-output>
        </test-method> <!-- selectSale -->
        <test-method status="PASS" signature="afterMethod()[pri:0, instance:testCases.HomePageCases@183ec003]" name="afterMethod" is-config="true" duration-ms="5007" started-at="2020-08-20T10:18:09 EDT" finished-at="2020-08-20T10:18:14 EDT">
          <reporter-output>
          </reporter-output>
        </test-method> <!-- afterMethod -->
        <test-method status="PASS" signature="selectRecruiting()[pri:4, instance:testCases.HomePageCases@183ec003]" name="selectRecruiting" duration-ms="307" started-at="2020-08-20T10:18:14 EDT" finished-at="2020-08-20T10:18:14 EDT">
          <reporter-output>
          </reporter-output>
        </test-method> <!-- selectRecruiting -->
        <test-method status="PASS" signature="afterMethod()[pri:0, instance:testCases.HomePageCases@183ec003]" name="afterMethod" is-config="true" duration-ms="5007" started-at="2020-08-20T10:18:14 EDT" finished-at="2020-08-20T10:18:19 EDT">
          <reporter-output>
          </reporter-output>
        </test-method> <!-- afterMethod -->
        <test-method status="PASS" signature="selectGeneralInfo()[pri:5, instance:testCases.HomePageCases@183ec003]" name="selectGeneralInfo" duration-ms="315" started-at="2020-08-20T10:18:19 EDT" finished-at="2020-08-20T10:18:20 EDT">
          <reporter-output>
          </reporter-output>
        </test-method> <!-- selectGeneralInfo -->
        <test-method status="PASS" signature="afterMethod()[pri:0, instance:testCases.HomePageCases@183ec003]" name="afterMethod" is-config="true" duration-ms="5007" started-at="2020-08-20T10:18:20 EDT" finished-at="2020-08-20T10:18:25 EDT">
          <reporter-output>
          </reporter-output>
        </test-method> <!-- afterMethod -->
        <test-method status="PASS" signature="typeName()[pri:6, instance:testCases.HomePageCases@183ec003]" name="typeName" duration-ms="216" started-at="2020-08-20T10:18:25 EDT" finished-at="2020-08-20T10:18:25 EDT">
          <reporter-output>
          </reporter-output>
        </test-method> <!-- typeName -->
        <test-method status="PASS" signature="afterMethod()[pri:0, instance:testCases.HomePageCases@183ec003]" name="afterMethod" is-config="true" duration-ms="5000" started-at="2020-08-20T10:18:25 EDT" finished-at="2020-08-20T10:18:30 EDT">
          <reporter-output>
          </reporter-output>
        </test-method> <!-- afterMethod -->
        <test-method status="PASS" signature="typeEmail()[pri:7, instance:testCases.HomePageCases@183ec003]" name="typeEmail" duration-ms="185" started-at="2020-08-20T10:18:30 EDT" finished-at="2020-08-20T10:18:30 EDT">
          <reporter-output>
          </reporter-output>
        </test-method> <!-- typeEmail -->
        <test-method status="PASS" signature="afterMethod()[pri:0, instance:testCases.HomePageCases@183ec003]" name="afterMethod" is-config="true" duration-ms="5015" started-at="2020-08-20T10:18:30 EDT" finished-at="2020-08-20T10:18:35 EDT">
          <reporter-output>
          </reporter-output>
        </test-method> <!-- afterMethod -->
        <test-method status="PASS" signature="typeMessage()[pri:8, instance:testCases.HomePageCases@183ec003]" name="typeMessage" duration-ms="233" started-at="2020-08-20T10:18:35 EDT" finished-at="2020-08-20T10:18:35 EDT">
          <reporter-output>
          </reporter-output>
        </test-method> <!-- typeMessage -->
        <test-method status="PASS" signature="afterMethod()[pri:0, instance:testCases.HomePageCases@183ec003]" name="afterMethod" is-config="true" duration-ms="5013" started-at="2020-08-20T10:18:35 EDT" finished-at="2020-08-20T10:18:40 EDT">
          <reporter-output>
          </reporter-output>
        </test-method> <!-- afterMethod -->
        <test-method status="PASS" signature="submit()[pri:9, instance:testCases.HomePageCases@183ec003]" name="submit" duration-ms="2164" started-at="2020-08-20T10:18:40 EDT" finished-at="2020-08-20T10:18:42 EDT">
          <reporter-output>
          </reporter-output>
        </test-method> <!-- submit -->
        <test-method status="PASS" signature="afterMethod()[pri:0, instance:testCases.HomePageCases@183ec003]" name="afterMethod" is-config="true" duration-ms="5003" started-at="2020-08-20T10:18:42 EDT" finished-at="2020-08-20T10:18:47 EDT">
          <reporter-output>
          </reporter-output>
        </test-method> <!-- afterMethod -->
        <test-method status="PASS" signature="afterTest()[pri:0, instance:testCases.HomePageCases@183ec003]" name="afterTest" is-config="true" duration-ms="947" started-at="2020-08-20T10:18:47 EDT" finished-at="2020-08-20T10:18:48 EDT">
          <reporter-output>
          </reporter-output>
        </test-method> <!-- afterTest -->
      </class> <!-- testCases.HomePageCases -->
    </test> <!-- Default test -->
  </suite> <!-- Default suite -->
</testng-results>
